[26.04.23 23:26:39:297] ERROR loginserver.Config: 
java.io.FileNotFoundException: config\loginserver.ini (O sistema não pode encontrar o caminho especificado)
	at java.base/java.io.FileInputStream.open0(Native Method)
	at java.base/java.io.FileInputStream.open(FileInputStream.java:216)
	at java.base/java.io.FileInputStream.<init>(FileInputStream.java:157)
	at l2mv.commons.configuration.ExProperties.load(ExProperties.java:30)
	at l2mv.loginserver.Config.load(Config.java:241)
	at l2mv.loginserver.Config.load(Config.java:232)
	at l2mv.loginserver.Config.loadConfiguration(Config.java:171)
	at l2mv.loginserver.Config.load(Config.java:94)
	at l2mv.loginserver.AuthServer.main(AuthServer.java:110)
[26.04.23 23:26:39:300] ERROR loginserver.Config: 
java.io.FileNotFoundException: config\merge.ini (O sistema não pode encontrar o caminho especificado)
	at java.base/java.io.FileInputStream.open0(Native Method)
	at java.base/java.io.FileInputStream.open(FileInputStream.java:216)
	at java.base/java.io.FileInputStream.<init>(FileInputStream.java:157)
	at l2mv.commons.configuration.ExProperties.load(ExProperties.java:30)
	at l2mv.loginserver.Config.load(Config.java:241)
	at l2mv.loginserver.Config.load(Config.java:232)
	at l2mv.loginserver.Config.loadMergeConfigs(Config.java:220)
	at l2mv.loginserver.Config.load(Config.java:95)
	at l2mv.loginserver.AuthServer.main(AuthServer.java:110)
[26.04.23 23:26:39:303] ERROR loginserver.Config: 
org.dom4j.DocumentException: config\servername.xml (O sistema não pode encontrar o caminho especificado) Nested exception: config\servername.xml (O sistema não pode encontrar o caminho especificado)
	at org.dom4j.io.SAXReader.read(SAXReader.java:270)
	at l2mv.loginserver.Config.loadServerNames(Config.java:146)
	at l2mv.loginserver.Config.load(Config.java:96)
	at l2mv.loginserver.AuthServer.main(AuthServer.java:110)
Nested exception: 
java.io.FileNotFoundException: config\servername.xml (O sistema não pode encontrar o caminho especificado)
	at java.base/java.io.FileInputStream.open0(Native Method)
	at java.base/java.io.FileInputStream.open(FileInputStream.java:216)
	at java.base/java.io.FileInputStream.<init>(FileInputStream.java:157)
	at org.dom4j.io.SAXReader.read(SAXReader.java:247)
	at l2mv.loginserver.Config.loadServerNames(Config.java:146)
	at l2mv.loginserver.Config.load(Config.java:96)
	at l2mv.loginserver.AuthServer.main(AuthServer.java:110)
[26.04.23 23:28:25:391] ERROR versioning.Version: Unable to get soft information
File name 'F:\GITHUB\PROJETOS\Projeto_H5_Custon\Projeto_H5_Custon\bin' isn't a valid jar
java.io.FileNotFoundException: F:\GITHUB\PROJETOS\Projeto_H5_Custon\Projeto_H5_Custon\bin (Acesso negado)
	at java.base/java.io.RandomAccessFile.open0(Native Method)
	at java.base/java.io.RandomAccessFile.open(RandomAccessFile.java:344)
	at java.base/java.io.RandomAccessFile.<init>(RandomAccessFile.java:259)
	at java.base/java.io.RandomAccessFile.<init>(RandomAccessFile.java:213)
	at java.base/java.util.zip.ZipFile$Source.<init>(ZipFile.java:1312)
	at java.base/java.util.zip.ZipFile$Source.get(ZipFile.java:1277)
	at java.base/java.util.zip.ZipFile$CleanableResource.<init>(ZipFile.java:709)
	at java.base/java.util.zip.ZipFile.<init>(ZipFile.java:243)
	at java.base/java.util.zip.ZipFile.<init>(ZipFile.java:172)
	at java.base/java.util.jar.JarFile.<init>(JarFile.java:347)
	at java.base/java.util.jar.JarFile.<init>(JarFile.java:318)
	at java.base/java.util.jar.JarFile.<init>(JarFile.java:284)
	at l2mv.commons.versioning.Version.<init>(Version.java:26)
	at l2mv.gameserver.GameServer.<init>(GameServer.java:221)
	at l2mv.gameserver.GameServer.main(GameServer.java:658)
[26.04.23 23:28:25:394]  INFO gameserver.GameServer: ============================================================================
[26.04.23 23:28:25:394]  INFO gameserver.GameServer: Nome: .................................................................... GAME SERVER
[26.04.23 23:28:25:394]  INFO gameserver.GameServer: Project Revision: ........................................................ LII [MultVerso]
[26.04.23 23:28:25:394]  INFO gameserver.GameServer: Update: .................................................................. High Five: Part 5
[26.04.23 23:28:25:394]  INFO gameserver.GameServer: Numero da Revision:....................................................... -1
[26.04.23 23:28:25:395]  INFO gameserver.GameServer: Build Revision: .......................................................... exported
[26.04.23 23:28:25:395]  INFO gameserver.GameServer: Build date: .............................................................. 
[26.04.23 23:28:25:395]  INFO gameserver.GameServer: Compiler version: ........................................................ 
[26.04.23 23:28:25:395]  INFO gameserver.GameServer: ============================================================================
[26.04.23 23:28:25:408] ERROR gameserver.Config: Error loading config : DailyQuests.ini!
java.io.FileNotFoundException: config\mod\DailyQuests.ini (O sistema não pode encontrar o caminho especificado)
	at java.base/java.io.FileInputStream.open0(Native Method)
	at java.base/java.io.FileInputStream.open(FileInputStream.java:216)
	at java.base/java.io.FileInputStream.<init>(FileInputStream.java:157)
	at l2mv.commons.configuration.ExProperties.load(ExProperties.java:30)
	at l2mv.gameserver.Config.load(Config.java:5562)
	at l2mv.gameserver.Config.load(Config.java:5553)
	at l2mv.gameserver.Config.loadTwitchSettings(Config.java:5224)
	at l2mv.gameserver.Config.load(Config.java:5255)
	at l2mv.gameserver.GameServer.<init>(GameServer.java:238)
	at l2mv.gameserver.GameServer.main(GameServer.java:658)
[26.04.23 23:28:25:409] ERROR gameserver.Config: Error loading config : ClanWar.ini!
java.io.FileNotFoundException: config\mod\ClanWar.ini (O sistema não pode encontrar o caminho especificado)
	at java.base/java.io.FileInputStream.open0(Native Method)
	at java.base/java.io.FileInputStream.open(FileInputStream.java:216)
	at java.base/java.io.FileInputStream.<init>(FileInputStream.java:157)
	at l2mv.commons.configuration.ExProperties.load(ExProperties.java:30)
	at l2mv.gameserver.Config.load(Config.java:5562)
	at l2mv.gameserver.Config.load(Config.java:5553)
	at l2mv.gameserver.Config.loadClanWarSettings(Config.java:5244)
	at l2mv.gameserver.Config.load(Config.java:5256)
	at l2mv.gameserver.GameServer.<init>(GameServer.java:238)
	at l2mv.gameserver.GameServer.main(GameServer.java:658)
[26.04.23 23:28:25:409] ERROR gameserver.Config: Error loading config : server.ini!
java.io.FileNotFoundException: config\server.ini (O sistema não pode encontrar o caminho especificado)
	at java.base/java.io.FileInputStream.open0(Native Method)
	at java.base/java.io.FileInputStream.open(FileInputStream.java:216)
	at java.base/java.io.FileInputStream.<init>(FileInputStream.java:157)
	at l2mv.commons.configuration.ExProperties.load(ExProperties.java:30)
	at l2mv.gameserver.Config.load(Config.java:5562)
	at l2mv.gameserver.Config.load(Config.java:5553)
	at l2mv.gameserver.Config.loadServerConfig(Config.java:368)
	at l2mv.gameserver.Config.load(Config.java:5258)
	at l2mv.gameserver.GameServer.<init>(GameServer.java:238)
	at l2mv.gameserver.GameServer.main(GameServer.java:658)
[26.04.23 23:28:25:415] ERROR gameserver.Config: Error loading config : telnet.ini!
java.io.FileNotFoundException: config\telnet.ini (O sistema não pode encontrar o caminho especificado)
	at java.base/java.io.FileInputStream.open0(Native Method)
	at java.base/java.io.FileInputStream.open(FileInputStream.java:216)
	at java.base/java.io.FileInputStream.<init>(FileInputStream.java:157)
	at l2mv.commons.configuration.ExProperties.load(ExProperties.java:30)
	at l2mv.gameserver.Config.load(Config.java:5562)
	at l2mv.gameserver.Config.load(Config.java:5553)
	at l2mv.gameserver.Config.loadTelnetConfig(Config.java:682)
	at l2mv.gameserver.Config.load(Config.java:5259)
	at l2mv.gameserver.GameServer.<init>(GameServer.java:238)
	at l2mv.gameserver.GameServer.main(GameServer.java:658)
[26.04.23 23:28:25:415] ERROR gameserver.Config: Error loading config : residence.ini!
java.io.FileNotFoundException: config\residence.ini (O sistema não pode encontrar o caminho especificado)
	at java.base/java.io.FileInputStream.open0(Native Method)
	at java.base/java.io.FileInputStream.open(FileInputStream.java:216)
	at java.base/java.io.FileInputStream.<init>(FileInputStream.java:157)
	at l2mv.commons.configuration.ExProperties.load(ExProperties.java:30)
	at l2mv.gameserver.Config.load(Config.java:5562)
	at l2mv.gameserver.Config.load(Config.java:5553)
	at l2mv.gameserver.Config.loadResidenceConfig(Config.java:755)
	at l2mv.gameserver.Config.load(Config.java:5260)
	at l2mv.gameserver.GameServer.<init>(GameServer.java:238)
	at l2mv.gameserver.GameServer.main(GameServer.java:658)
[26.04.23 23:28:25:416] ERROR gameserver.Config: Error loading config : other.ini!
java.io.FileNotFoundException: config\mod\other.ini (O sistema não pode encontrar o caminho especificado)
	at java.base/java.io.FileInputStream.open0(Native Method)
	at java.base/java.io.FileInputStream.open(FileInputStream.java:216)
	at java.base/java.io.FileInputStream.<init>(FileInputStream.java:157)
	at l2mv.commons.configuration.ExProperties.load(ExProperties.java:30)
	at l2mv.gameserver.Config.load(Config.java:5562)
	at l2mv.gameserver.Config.load(Config.java:5553)
	at l2mv.gameserver.Config.loadOtherConfig(Config.java:1552)
	at l2mv.gameserver.Config.load(Config.java:5261)
	at l2mv.gameserver.GameServer.<init>(GameServer.java:238)
	at l2mv.gameserver.GameServer.main(GameServer.java:658)
[26.04.23 23:28:25:417] ERROR gameserver.Config: Error loading config : spoil.ini!
java.io.FileNotFoundException: config\spoil.ini (O sistema não pode encontrar o caminho especificado)
	at java.base/java.io.FileInputStream.open0(Native Method)
	at java.base/java.io.FileInputStream.open(FileInputStream.java:216)
	at java.base/java.io.FileInputStream.<init>(FileInputStream.java:157)
	at l2mv.commons.configuration.ExProperties.load(ExProperties.java:30)
	at l2mv.gameserver.Config.load(Config.java:5562)
	at l2mv.gameserver.Config.load(Config.java:5553)
	at l2mv.gameserver.Config.loadSpoilConfig(Config.java:1749)
	at l2mv.gameserver.Config.load(Config.java:5262)
	at l2mv.gameserver.GameServer.<init>(GameServer.java:238)
	at l2mv.gameserver.GameServer.main(GameServer.java:658)
[26.04.23 23:28:25:417] ERROR gameserver.Config: Error loading config : formulas.ini!
java.io.FileNotFoundException: config\formulas.ini (O sistema não pode encontrar o caminho especificado)
	at java.base/java.io.FileInputStream.open0(Native Method)
	at java.base/java.io.FileInputStream.open(FileInputStream.java:216)
	at java.base/java.io.FileInputStream.<init>(FileInputStream.java:157)
	at l2mv.commons.configuration.ExProperties.load(ExProperties.java:30)
	at l2mv.gameserver.Config.load(Config.java:5562)
	at l2mv.gameserver.Config.load(Config.java:5553)
	at l2mv.gameserver.Config.loadFormulasConfig(Config.java:1872)
	at l2mv.gameserver.Config.load(Config.java:5263)
	at l2mv.gameserver.GameServer.<init>(GameServer.java:238)
	at l2mv.gameserver.GameServer.main(GameServer.java:658)
[26.04.23 23:28:25:418] ERROR gameserver.Config: Error loading config : altsettings.ini!
java.io.FileNotFoundException: config\altsettings.ini (O sistema não pode encontrar o caminho especificado)
	at java.base/java.io.FileInputStream.open0(Native Method)
	at java.base/java.io.FileInputStream.open(FileInputStream.java:216)
	at java.base/java.io.FileInputStream.<init>(FileInputStream.java:157)
	at l2mv.commons.configuration.ExProperties.load(ExProperties.java:30)
	at l2mv.gameserver.Config.load(Config.java:5562)
	at l2mv.gameserver.Config.load(Config.java:5553)
	at l2mv.gameserver.Config.loadAltSettings(Config.java:2467)
	at l2mv.gameserver.Config.load(Config.java:5264)
	at l2mv.gameserver.GameServer.<init>(GameServer.java:238)
	at l2mv.gameserver.GameServer.main(GameServer.java:658)
[26.04.23 23:28:31:626] ERROR versioning.Version: Unable to get soft information
File name 'F:\GITHUB\PROJETOS\Projeto_H5_Custon\Projeto_H5_Custon\bin' isn't a valid jar
java.io.FileNotFoundException: F:\GITHUB\PROJETOS\Projeto_H5_Custon\Projeto_H5_Custon\bin (Acesso negado)
	at java.base/java.io.RandomAccessFile.open0(Native Method)
	at java.base/java.io.RandomAccessFile.open(RandomAccessFile.java:344)
	at java.base/java.io.RandomAccessFile.<init>(RandomAccessFile.java:259)
	at java.base/java.io.RandomAccessFile.<init>(RandomAccessFile.java:213)
	at java.base/java.util.zip.ZipFile$Source.<init>(ZipFile.java:1312)
	at java.base/java.util.zip.ZipFile$Source.get(ZipFile.java:1277)
	at java.base/java.util.zip.ZipFile$CleanableResource.<init>(ZipFile.java:709)
	at java.base/java.util.zip.ZipFile.<init>(ZipFile.java:243)
	at java.base/java.util.zip.ZipFile.<init>(ZipFile.java:172)
	at java.base/java.util.jar.JarFile.<init>(JarFile.java:347)
	at java.base/java.util.jar.JarFile.<init>(JarFile.java:318)
	at java.base/java.util.jar.JarFile.<init>(JarFile.java:284)
	at l2mv.commons.versioning.Version.<init>(Version.java:26)
	at l2mv.gameserver.GameServer.<init>(GameServer.java:221)
	at l2mv.gameserver.GameServer.main(GameServer.java:658)
[26.04.23 23:28:31:629]  INFO gameserver.GameServer: ============================================================================
[26.04.23 23:28:31:629]  INFO gameserver.GameServer: Nome: .................................................................... GAME SERVER
[26.04.23 23:28:31:629]  INFO gameserver.GameServer: Project Revision: ........................................................ LII [MultVerso]
[26.04.23 23:28:31:629]  INFO gameserver.GameServer: Update: .................................................................. High Five: Part 5
[26.04.23 23:28:31:629]  INFO gameserver.GameServer: Numero da Revision:....................................................... -1
[26.04.23 23:28:31:629]  INFO gameserver.GameServer: Build Revision: .......................................................... exported
[26.04.23 23:28:31:629]  INFO gameserver.GameServer: Build date: .............................................................. 
[26.04.23 23:28:31:629]  INFO gameserver.GameServer: Compiler version: ........................................................ 
[26.04.23 23:28:31:629]  INFO gameserver.GameServer: ============================================================================
[26.04.23 23:28:31:644] ERROR gameserver.Config: Error loading config : DailyQuests.ini!
java.io.FileNotFoundException: config\mod\DailyQuests.ini (O sistema não pode encontrar o caminho especificado)
	at java.base/java.io.FileInputStream.open0(Native Method)
	at java.base/java.io.FileInputStream.open(FileInputStream.java:216)
	at java.base/java.io.FileInputStream.<init>(FileInputStream.java:157)
	at l2mv.commons.configuration.ExProperties.load(ExProperties.java:30)
	at l2mv.gameserver.Config.load(Config.java:5562)
	at l2mv.gameserver.Config.load(Config.java:5553)
	at l2mv.gameserver.Config.loadTwitchSettings(Config.java:5224)
	at l2mv.gameserver.Config.load(Config.java:5255)
	at l2mv.gameserver.GameServer.<init>(GameServer.java:238)
	at l2mv.gameserver.GameServer.main(GameServer.java:658)
[26.04.23 23:28:31:644] ERROR gameserver.Config: Error loading config : ClanWar.ini!
java.io.FileNotFoundException: config\mod\ClanWar.ini (O sistema não pode encontrar o caminho especificado)
	at java.base/java.io.FileInputStream.open0(Native Method)
	at java.base/java.io.FileInputStream.open(FileInputStream.java:216)
	at java.base/java.io.FileInputStream.<init>(FileInputStream.java:157)
	at l2mv.commons.configuration.ExProperties.load(ExProperties.java:30)
	at l2mv.gameserver.Config.load(Config.java:5562)
	at l2mv.gameserver.Config.load(Config.java:5553)
	at l2mv.gameserver.Config.loadClanWarSettings(Config.java:5244)
	at l2mv.gameserver.Config.load(Config.java:5256)
	at l2mv.gameserver.GameServer.<init>(GameServer.java:238)
	at l2mv.gameserver.GameServer.main(GameServer.java:658)
[26.04.23 23:28:31:645] ERROR gameserver.Config: Error loading config : server.ini!
java.io.FileNotFoundException: config\server.ini (O sistema não pode encontrar o caminho especificado)
	at java.base/java.io.FileInputStream.open0(Native Method)
	at java.base/java.io.FileInputStream.open(FileInputStream.java:216)
	at java.base/java.io.FileInputStream.<init>(FileInputStream.java:157)
	at l2mv.commons.configuration.ExProperties.load(ExProperties.java:30)
	at l2mv.gameserver.Config.load(Config.java:5562)
	at l2mv.gameserver.Config.load(Config.java:5553)
	at l2mv.gameserver.Config.loadServerConfig(Config.java:368)
	at l2mv.gameserver.Config.load(Config.java:5258)
	at l2mv.gameserver.GameServer.<init>(GameServer.java:238)
	at l2mv.gameserver.GameServer.main(GameServer.java:658)
[26.04.23 23:28:31:651] ERROR gameserver.Config: Error loading config : telnet.ini!
java.io.FileNotFoundException: config\telnet.ini (O sistema não pode encontrar o caminho especificado)
	at java.base/java.io.FileInputStream.open0(Native Method)
	at java.base/java.io.FileInputStream.open(FileInputStream.java:216)
	at java.base/java.io.FileInputStream.<init>(FileInputStream.java:157)
	at l2mv.commons.configuration.ExProperties.load(ExProperties.java:30)
	at l2mv.gameserver.Config.load(Config.java:5562)
	at l2mv.gameserver.Config.load(Config.java:5553)
	at l2mv.gameserver.Config.loadTelnetConfig(Config.java:682)
	at l2mv.gameserver.Config.load(Config.java:5259)
	at l2mv.gameserver.GameServer.<init>(GameServer.java:238)
	at l2mv.gameserver.GameServer.main(GameServer.java:658)
[26.04.23 23:28:31:651] ERROR gameserver.Config: Error loading config : residence.ini!
java.io.FileNotFoundException: config\residence.ini (O sistema não pode encontrar o caminho especificado)
	at java.base/java.io.FileInputStream.open0(Native Method)
	at java.base/java.io.FileInputStream.open(FileInputStream.java:216)
	at java.base/java.io.FileInputStream.<init>(FileInputStream.java:157)
	at l2mv.commons.configuration.ExProperties.load(ExProperties.java:30)
	at l2mv.gameserver.Config.load(Config.java:5562)
	at l2mv.gameserver.Config.load(Config.java:5553)
	at l2mv.gameserver.Config.loadResidenceConfig(Config.java:755)
	at l2mv.gameserver.Config.load(Config.java:5260)
	at l2mv.gameserver.GameServer.<init>(GameServer.java:238)
	at l2mv.gameserver.GameServer.main(GameServer.java:658)
[26.04.23 23:28:31:652] ERROR gameserver.Config: Error loading config : other.ini!
java.io.FileNotFoundException: config\mod\other.ini (O sistema não pode encontrar o caminho especificado)
	at java.base/java.io.FileInputStream.open0(Native Method)
	at java.base/java.io.FileInputStream.open(FileInputStream.java:216)
	at java.base/java.io.FileInputStream.<init>(FileInputStream.java:157)
	at l2mv.commons.configuration.ExProperties.load(ExProperties.java:30)
	at l2mv.gameserver.Config.load(Config.java:5562)
	at l2mv.gameserver.Config.load(Config.java:5553)
	at l2mv.gameserver.Config.loadOtherConfig(Config.java:1552)
	at l2mv.gameserver.Config.load(Config.java:5261)
	at l2mv.gameserver.GameServer.<init>(GameServer.java:238)
	at l2mv.gameserver.GameServer.main(GameServer.java:658)
[26.04.23 23:28:31:653] ERROR gameserver.Config: Error loading config : spoil.ini!
java.io.FileNotFoundException: config\spoil.ini (O sistema não pode encontrar o caminho especificado)
	at java.base/java.io.FileInputStream.open0(Native Method)
	at java.base/java.io.FileInputStream.open(FileInputStream.java:216)
	at java.base/java.io.FileInputStream.<init>(FileInputStream.java:157)
	at l2mv.commons.configuration.ExProperties.load(ExProperties.java:30)
	at l2mv.gameserver.Config.load(Config.java:5562)
	at l2mv.gameserver.Config.load(Config.java:5553)
	at l2mv.gameserver.Config.loadSpoilConfig(Config.java:1749)
	at l2mv.gameserver.Config.load(Config.java:5262)
	at l2mv.gameserver.GameServer.<init>(GameServer.java:238)
	at l2mv.gameserver.GameServer.main(GameServer.java:658)
[26.04.23 23:28:31:653] ERROR gameserver.Config: Error loading config : formulas.ini!
java.io.FileNotFoundException: config\formulas.ini (O sistema não pode encontrar o caminho especificado)
	at java.base/java.io.FileInputStream.open0(Native Method)
	at java.base/java.io.FileInputStream.open(FileInputStream.java:216)
	at java.base/java.io.FileInputStream.<init>(FileInputStream.java:157)
	at l2mv.commons.configuration.ExProperties.load(ExProperties.java:30)
	at l2mv.gameserver.Config.load(Config.java:5562)
	at l2mv.gameserver.Config.load(Config.java:5553)
	at l2mv.gameserver.Config.loadFormulasConfig(Config.java:1872)
	at l2mv.gameserver.Config.load(Config.java:5263)
	at l2mv.gameserver.GameServer.<init>(GameServer.java:238)
	at l2mv.gameserver.GameServer.main(GameServer.java:658)
[26.04.23 23:28:31:654] ERROR gameserver.Config: Error loading config : altsettings.ini!
java.io.FileNotFoundException: config\altsettings.ini (O sistema não pode encontrar o caminho especificado)
	at java.base/java.io.FileInputStream.open0(Native Method)
	at java.base/java.io.FileInputStream.open(FileInputStream.java:216)
	at java.base/java.io.FileInputStream.<init>(FileInputStream.java:157)
	at l2mv.commons.configuration.ExProperties.load(ExProperties.java:30)
	at l2mv.gameserver.Config.load(Config.java:5562)
	at l2mv.gameserver.Config.load(Config.java:5553)
	at l2mv.gameserver.Config.loadAltSettings(Config.java:2467)
	at l2mv.gameserver.Config.load(Config.java:5264)
	at l2mv.gameserver.GameServer.<init>(GameServer.java:238)
	at l2mv.gameserver.GameServer.main(GameServer.java:658)
