[03.07.22 00:24:44] Loaded Event: Apil Fool's Day [state: deactivated]
[03.07.22 00:24:44] Loaded Event: Boss Random
[03.07.22 00:24:44] Loaded Event: Christmas [state: deactivated]
[03.07.22 00:24:44] Loaded Event: Coffer of Shadows [state: deactivated]
[03.07.22 00:24:44] Loaded CustomDropItems: CustomDropItems [state: activated]
[03.07.22 00:24:44] Duplicate properties name "AllowedItems" replaced with new value.
[03.07.22 00:24:44] Loaded Service: EventsConfig
[03.07.22 00:24:44] Loaded Event: Fight Club
[03.07.22 00:24:44] Loaded Event: Freya Celebration [state: deactivated]
[03.07.22 00:24:44] Loaded Event: Gift Of Vitality [state: deactivated]
[03.07.22 00:24:44] Loaded Event: Gm Hunter [state: deactivated]
[03.07.22 00:24:44] Loaded Event: Hitman
[03.07.22 00:24:44] Loaded Event: March 8 [state: deactivated]
[03.07.22 00:24:44] Loaded Event: Master of Enchanting [state: deactivated]
[03.07.22 00:24:44] Loaded Event: PcCafePointsExchange [state: deactivated]
[03.07.22 00:24:44] Loaded Event: PiratesTreasure loaded.
[03.07.22 00:24:44] Loaded Event: SavingSnowman [state: deactivated]
[03.07.22 00:24:44] Loaded Event: Summer Meleons [state: deactivated]
[03.07.22 00:24:44] Loaded Event: The Fall Harvest [state: deactivated]
[03.07.22 00:24:44] Loaded Event: The Flow Of The Horror [state: deactivated]
[03.07.22 00:24:44] Loaded Event: Trick of Trnasmutation [state: deactivated]
[03.07.22 00:24:44] Loaded Event: Trivia
[03.07.22 00:24:44] Loaded Event: TvT Arena 1 [state: deactivated]
[03.07.22 00:24:44] Loaded Event: TvT Arena 2 [state: deactivated]
[03.07.22 00:24:44] Loaded Event: TvT Arena 3 [state: deactivated]
[03.07.22 00:24:44] Loaded Event: Viktorina
[03.07.22 00:24:44] Loaded Event: Bounty Hunters Guild
[03.07.22 00:24:44] Loaded Event: L2 Medal Collection Event [state: deactivated]
[03.07.22 00:24:44] Loaded Event: Change of Heart[state: deactivated]
[03.07.22 00:24:44] Loaded Event: null [state: deactivated]
[03.07.22 00:24:44] Loaded Event: l2day [state: deactivated]
[03.07.22 00:25:09] Start Viktorina: Sun Jul 03 01:14:00 BRT 2022
[03.07.22 00:25:09] Stop Viktorina: Sun Jul 03 03:14:00 BRT 2022
[03.07.22 01:14:00] Viktorina Event: Questions loaded
[03.07.22 05:45:00] Trivia has been Stoped.
[03.07.22 05:45:00] Viktorina Stoped.
[03.07.22 05:45:00] Continue Viktorina: Mon Jul 04 01:14:00 BRT 2022|Stop Viktorina: Mon Jul 04 03:14:00 BRT 2022
[03.07.22 05:45:23] Loaded Event: Apil Fool's Day [state: deactivated]
[03.07.22 05:45:23] Loaded Event: Boss Random
[03.07.22 05:45:23] Loaded Event: Christmas [state: deactivated]
[03.07.22 05:45:23] Loaded Event: Coffer of Shadows [state: deactivated]
[03.07.22 05:45:23] Loaded CustomDropItems: CustomDropItems [state: activated]
[03.07.22 05:45:23] Duplicate properties name "AllowedItems" replaced with new value.
[03.07.22 05:45:23] Loaded Service: EventsConfig
[03.07.22 05:45:23] Loaded Event: Fight Club
[03.07.22 05:45:23] Loaded Event: Freya Celebration [state: deactivated]
[03.07.22 05:45:23] Loaded Event: Gift Of Vitality [state: deactivated]
[03.07.22 05:45:23] Loaded Event: Gm Hunter [state: deactivated]
[03.07.22 05:45:23] Loaded Event: Hitman
[03.07.22 05:45:23] Loaded Event: March 8 [state: deactivated]
[03.07.22 05:45:23] Loaded Event: Master of Enchanting [state: deactivated]
[03.07.22 05:45:23] Loaded Event: PcCafePointsExchange [state: deactivated]
[03.07.22 05:45:23] Loaded Event: PiratesTreasure loaded.
[03.07.22 05:45:23] Loaded Event: SavingSnowman [state: deactivated]
[03.07.22 05:45:23] Loaded Event: Summer Meleons [state: deactivated]
[03.07.22 05:45:23] Loaded Event: The Fall Harvest [state: deactivated]
[03.07.22 05:45:23] Loaded Event: The Flow Of The Horror [state: deactivated]
[03.07.22 05:45:23] Loaded Event: Trick of Trnasmutation [state: deactivated]
[03.07.22 05:45:23] Loaded Event: Trivia
[03.07.22 05:45:23] Loaded Event: TvT Arena 1 [state: deactivated]
[03.07.22 05:45:23] Loaded Event: TvT Arena 2 [state: deactivated]
[03.07.22 05:45:23] Loaded Event: TvT Arena 3 [state: deactivated]
[03.07.22 05:45:23] Loaded Event: Viktorina
[03.07.22 05:45:23] Loaded Event: Bounty Hunters Guild
[03.07.22 05:45:23] Loaded Event: L2 Medal Collection Event [state: deactivated]
[03.07.22 05:45:23] Loaded Event: Change of Heart[state: deactivated]
[03.07.22 05:45:23] Loaded Event: null [state: deactivated]
[03.07.22 05:45:23] Loaded Event: l2day [state: deactivated]
[03.07.22 05:45:48] Start Viktorina: Mon Jul 04 01:14:00 BRT 2022
[03.07.22 05:45:48] Stop Viktorina: Mon Jul 04 03:14:00 BRT 2022
